<?xml version="1.0" encoding="UTF-8"?>
<!-- Generated by org.testng.reporters.JUnitXMLReporter -->
<testsuite hostname="lisaogawa" name="LoginTest" tests="3" failures="1" timestamp="16 Oct 2014 05:36:22 GMT" time="22.114" errors="0">
  <testcase name="loginTest" time="15.867" classname="com.qtpselenim.testcases.LoginTest">
    <failure type="java.lang.AssertionError" message="Could NOT login expected [true] but found [false]">
      <![CDATA[java.lang.AssertionError: Could NOT login expected [true] but found [false]
	at com.qtpselenim.testcases.LoginTest.loginTest(LoginTest.java:49)
... Removed 27 stack frames]]>
    </failure>
  </testcase> <!-- loginTest -->
  <testcase name="loginTest" time="5.922" classname="com.qtpselenim.testcases.LoginTest"/>
  <testcase name="findFriend" time="0.001" classname="com.qtpselenim.testcases.LoginTest">
    <skipped/>
  </testcase> <!-- findFriend -->
</testsuite> <!-- LoginTest -->
